<?xml version="1.0" encoding="utf-8"?><testsuites name="pytest tests"><testsuite name="pytest" errors="0" failures="0" skipped="0" tests="55" time="7.661" timestamp="2026-09-15T06:58:48.339711+00:00" hostname="localhost"><testcase classname="tests.cadp.test_correctness" name="test_upstream_unchanged" time="0.004" /><testcase classname="tests.cadp.test_correctness" name="test_strict_config[bad=1]" time="0.000" /><testcase classname="tests.cadp.test_correctness" name="test_strict_config[model.flowz=3]" time="0.000" /><testcase classname="tests.cadp.test_correctness" name="test_strict_config[model.lengths=[3,1]]" time="0.001" /><testcase classname="tests.cadp.test_correctness" name="test_strict_config[model.attention_dim=31]" time="0.000" /><testcase classname="tests.cadp.test_correctness" name="test_strict_config[train.amp=fp32]" time="0.000" /><testcase classname="tests.cadp.test_correctness" name="test_strict_config[train.batch_size=0]" time="0.000" /><testcase classname="tests.cadp.test_correctness" name="test_strict_config[model.eval_samples=999]" time="0.000" /><testcase classname="tests.cadp.test_correctness" name="test_strict_config[model.lora_dropout=0.1]" time="0.000" /><testcase classname="tests.cadp.test_correctness" name="test_strict_config[train.grad_scaler_init_scale=0]" time="0.000" /><testcase classname="tests.cadp.test_correctness" name="test_strict_config[loss.patch=-1]" time="0.001" /><testcase classname="tests.cadp.test_correctness" name="test_config_off_and_scientific" time="0.007" /><testcase classname="tests.cadp.test_correctness" name="test_planar_exact_jacobian" time="0.006" /><testcase classname="tests.cadp.test_correctness" name="test_zero_lora_matches_original" time="0.003" /><testcase classname="tests.cadp.test_correctness" name="test_prompt_pair_and_causal_context" time="0.910" /><testcase classname="tests.cadp.test_correctness" name="test_fixed_noise_batch_and_pair_average" time="0.187" /><testcase classname="tests.cadp.test_correctness" name="test_gradients_and_labels_only_in_loss" time="0.082" /><testcase classname="tests.cadp.test_correctness" name="test_every_ablation_forward_backward[full]" time="0.100" /><testcase classname="tests.cadp.test_correctness" name="test_every_ablation_forward_backward[no_cross_attention]" time="0.089" /><testcase classname="tests.cadp.test_correctness" name="test_every_ablation_forward_backward[fixed_private_1]" time="0.064" /><testcase classname="tests.cadp.test_correctness" name="test_every_ablation_forward_backward[fixed_private_3]" time="0.066" /><testcase classname="tests.cadp.test_correctness" name="test_every_ablation_forward_backward[fixed_private_5]" time="0.069" /><testcase classname="tests.cadp.test_correctness" name="test_every_ablation_forward_backward[fixed_private_7]" time="0.067" /><testcase classname="tests.cadp.test_correctness" name="test_every_ablation_forward_backward[no_flow]" time="0.094" /><testcase classname="tests.cadp.test_correctness" name="test_every_ablation_forward_backward[no_patch_loss]" time="0.105" /><testcase classname="tests.cadp.test_correctness" name="test_every_ablation_forward_backward[fixed_class_anchors]" time="0.107" /><testcase classname="tests.cadp.test_correctness" name="test_every_ablation_forward_backward[no_length_penalty]" time="0.103" /><testcase classname="tests.cadp.test_correctness" name="test_every_ablation_forward_backward[one_repository]" time="0.083" /><testcase classname="tests.cadp.test_correctness" name="test_every_ablation_forward_backward[no_vision_lora]" time="0.101" /><testcase classname="tests.cadp.test_correctness" name="test_every_ablation_forward_backward[deterministic_latent]" time="0.114" /><testcase classname="tests.cadp.test_correctness" name="test_every_ablation_forward_backward[no_reconstruction]" time="0.103" /><testcase classname="tests.cadp.test_correctness" name="test_every_ablation_forward_backward[no_kl]" time="0.103" /><testcase classname="tests.cadp.test_correctness" name="test_attention_export" time="0.023" /><testcase classname="tests.cadp.test_correctness" name="test_checkpoint_contract" time="0.039" /><testcase classname="tests.cadp.test_correctness" name="test_gradscaler_overflow_is_skipped_then_recovers" time="0.002" /><testcase classname="tests.cadp.test_correctness" name="test_fp16_autocast_real_model_cpu" time="0.171" /><testcase classname="tests.cadp.test_correctness" name="test_label_detection_ignores_parent_and_leakage" time="0.010" /><testcase classname="tests.cadp.test_correctness" name="test_corruption_shape_determinism[clean]" time="0.001" /><testcase classname="tests.cadp.test_correctness" name="test_corruption_shape_determinism[jpeg:75]" time="0.003" /><testcase classname="tests.cadp.test_correctness" name="test_corruption_shape_determinism[blur:1]" time="0.001" /><testcase classname="tests.cadp.test_correctness" name="test_corruption_shape_determinism[resize:0.5]" time="0.001" /><testcase classname="tests.cadp.test_correctness" name="test_corruption_shape_determinism[noise:0.01]" time="0.001" /><testcase classname="tests.cadp.test_correctness" name="test_metrics_and_invalid_values" time="0.007" /><testcase classname="tests.cadp.test_correctness" name="test_archive_path_traversal_rejected" time="0.001" /><testcase classname="tests.cadp.test_correctness" name="test_arrow_original_bytes_preserved" time="0.293" /><testcase classname="tests.cadp.test_correctness" name="test_train_resume_equals_uninterrupted_and_eval" time="2.132" /><testcase classname="tests.cadp.test_correctness" name="test_bf16_training" time="0.702" /><testcase classname="tests.cadp.test_correctness" name="test_legacy_baseline_train_eval_checkpoint" time="0.298" /><testcase classname="tests.cadp.test_correctness" name="test_suite_full_job_counts" time="0.548" /><testcase classname="tests.cadp.test_pipeline" name="test_router_receives_pure_classification_gradient" time="0.069" /><testcase classname="tests.cadp.test_pipeline" name="test_http_download_resume_checks_sha_atomic[0-False]" time="0.002" /><testcase classname="tests.cadp.test_pipeline" name="test_http_download_resume_checks_sha_atomic[3-True]" time="0.001" /><testcase classname="tests.cadp.test_pipeline" name="test_http_download_resume_checks_sha_atomic[3-False]" time="0.001" /><testcase classname="tests.cadp.test_pipeline" name="test_prepare_protocol_validation_is_from_source_train" time="0.031" /><testcase classname="tests.cadp.test_pipeline" name="test_efficiency_only_aggregate_without_fake_accuracy" time="0.001" /></testsuite></testsuites>